# JRE version: Java(TM) SE Runtime Environment (11.0.2+9) (build 11.0.2+9-LTS)
# Java VM: Java HotSpot(TM) 64-Bit Server VM (11.0.2+9-LTS, mixed mode, tiered, compressed oops, g1 gc, windows-amd64)
Heap:
 garbage-first heap   total 129024K, used 78115K [0x0000000082200000, 0x0000000100000000)
  region size 1024K, 65 young (66560K), 6 survivors (6144K)
 Metaspace       used 35117K, capacity 35894K, committed 35964K, reserved 1081344K
  class space    used 4065K, capacity 4411K, committed 4480K, reserved 1048576K
GC Heap History (10 events):
Event: 1.949 GC heap before
{Heap before GC invocations=2 (full 0):
 garbage-first heap   total 129024K, used 36604K [0x0000000082200000, 0x0000000100000000)
  region size 1024K, 26 young (26624K), 2 survivors (2048K)
 Metaspace       used 16065K, capacity 16476K, committed 16640K, reserved 1064960K
  class space    used 1625K, capacity 1773K, committed 1792K, reserved 1048576K
}
Event: 1.954 GC heap after
{Heap after GC invocations=3 (full 0):
 garbage-first heap   total 129024K, used 14584K [0x0000000082200000, 0x0000000100000000)
  region size 1024K, 4 young (4096K), 4 survivors (4096K)
 Metaspace       used 16065K, capacity 16476K, committed 16640K, reserved 1064960K
  class space    used 1625K, capacity 1773K, committed 1792K, reserved 1048576K
}
Event: 2.394 GC heap before
{Heap before GC invocations=3 (full 0):
 garbage-first heap   total 129024K, used 50424K [0x0000000082200000, 0x0000000100000000)
  region size 1024K, 40 young (40960K), 4 survivors (4096K)
 Metaspace       used 19636K, capacity 20202K, committed 20352K, reserved 1067008K
  class space    used 2162K, capacity 2394K, committed 2432K, reserved 1048576K
}
Event: 2.398 GC heap after
{Heap after GC invocations=4 (full 0):
 garbage-first heap   total 129024K, used 15790K [0x0000000082200000, 0x0000000100000000)
  region size 1024K, 3 young (3072K), 3 survivors (3072K)
 Metaspace       used 19636K, capacity 20202K, committed 20352K, reserved 1067008K
  class space    used 2162K, capacity 2394K, committed 2432K, reserved 1048576K
}
Event: 2.479 GC heap before
{Heap before GC invocations=4 (full 0):
 garbage-first heap   total 129024K, used 21934K [0x0000000082200000, 0x0000000100000000)
  region size 1024K, 10 young (10240K), 3 survivors (3072K)
 Metaspace       used 20588K, capacity 21154K, committed 21248K, reserved 1069056K
  class space    used 2313K, capacity 2544K, committed 2560K, reserved 1048576K
}
Event: 2.483 GC heap after
{Heap after GC invocations=5 (full 0):
 garbage-first heap   total 129024K, used 16005K [0x0000000082200000, 0x0000000100000000)
  region size 1024K, 3 young (3072K), 3 survivors (3072K)
 Metaspace       used 20588K, capacity 21154K, committed 21248K, reserved 1069056K
  class space    used 2313K, capacity 2544K, committed 2560K, reserved 1048576K
}
Event: 3.127 GC heap before
{Heap before GC invocations=6 (full 0):
 garbage-first heap   total 129024K, used 69253K [0x0000000082200000, 0x0000000100000000)
  region size 1024K, 56 young (57344K), 3 survivors (3072K)
 Metaspace       used 27700K, capacity 28425K, committed 28668K, reserved 1075200K
  class space    used 3185K, capacity 3472K, committed 3584K, reserved 1048576K
}
Event: 3.133 GC heap after
{Heap after GC invocations=7 (full 0):
 garbage-first heap   total 129024K, used 17470K [0x0000000082200000, 0x0000000100000000)
  region size 1024K, 5 young (5120K), 5 survivors (5120K)
 Metaspace       used 27700K, capacity 28425K, committed 28668K, reserved 1075200K
  class space    used 3185K, capacity 3472K, committed 3584K, reserved 1048576K
}
Event: 3.471 GC heap before
{Heap before GC invocations=7 (full 0):
 garbage-first heap   total 129024K, used 77886K [0x0000000082200000, 0x0000000100000000)
  region size 1024K, 65 young (66560K), 5 survivors (5120K)
 Metaspace       used 29455K, capacity 30193K, committed 30332K, reserved 1075200K
  class space    used 3388K, capacity 3693K, committed 3712K, reserved 1048576K
}
Event: 3.478 GC heap after
{Heap after GC invocations=8 (full 0):
 garbage-first heap   total 129024K, used 18723K [0x0000000082200000, 0x0000000100000000)
  region size 1024K, 6 young (6144K), 6 survivors (6144K)
 Metaspace       used 29455K, capacity 30193K, committed 30332K, reserved 1075200K
  class space    used 3388K, capacity 3693K, committed 3712K, reserved 1048576K
}

